[5221] 30 Jul 20:26:20 # Warning: no config file specified, using the default config. In order to specify a config file use 'redis-server /path/to/redis.conf'
[5221] 30 Jul 20:26:20 * Server started, Redis version 2.2.13
[5221] 30 Jul 20:26:20 * The server is now ready to accept connections on port 6379
[5221] 30 Jul 20:26:20 - 0 clients connected (0 slaves), 922160 bytes in use
[5221] 30 Jul 20:26:25 - 0 clients connected (0 slaves), 922160 bytes in use
[5221] 30 Jul 20:26:30 - 0 clients connected (0 slaves), 922160 bytes in use
[5221] 30 Jul 20:26:35 - 0 clients connected (0 slaves), 922160 bytes in use
[5221] 30 Jul 20:26:40 - 0 clients connected (0 slaves), 922160 bytes in use
[5221] 30 Jul 20:26:45 - 0 clients connected (0 slaves), 922160 bytes in use
[5221] 30 Jul 20:26:50 - 0 clients connected (0 slaves), 922160 bytes in use
[5221] 30 Jul 20:26:55 - 0 clients connected (0 slaves), 922160 bytes in use
[5221] 30 Jul 20:27:00 - 0 clients connected (0 slaves), 922160 bytes in use
[5221] 30 Jul 20:27:05 - 0 clients connected (0 slaves), 922160 bytes in use
[5221] 30 Jul 20:27:10 - 0 clients connected (0 slaves), 922160 bytes in use
[5221] 30 Jul 20:27:15 - 0 clients connected (0 slaves), 922160 bytes in use
[5221] 30 Jul 20:27:20 - 0 clients connected (0 slaves), 922160 bytes in use
[5221] 30 Jul 20:27:25 - Accepted 127.0.0.1:51932
[5221] 30 Jul 20:27:25 - Client closed connection
[5221] 30 Jul 20:27:25 - 0 clients connected (0 slaves), 922160 bytes in use
[5221] 30 Jul 20:27:30 - 0 clients connected (0 slaves), 922160 bytes in use
[5221] 30 Jul 20:27:36 - 0 clients connected (0 slaves), 922160 bytes in use
[5221] 30 Jul 20:27:41 - 0 clients connected (0 slaves), 922160 bytes in use
[5221] 30 Jul 20:27:46 - 0 clients connected (0 slaves), 922160 bytes in use
[5221] 30 Jul 20:27:51 - 0 clients connected (0 slaves), 922160 bytes in use
[5221] 30 Jul 20:27:56 - 0 clients connected (0 slaves), 922160 bytes in use
[5221] 30 Jul 20:28:01 - 0 clients connected (0 slaves), 922160 bytes in use
[5221] 30 Jul 20:28:06 - 0 clients connected (0 slaves), 922160 bytes in use
[5221] 30 Jul 20:28:11 - 0 clients connected (0 slaves), 922160 bytes in use
[5221] 30 Jul 20:28:16 - 0 clients connected (0 slaves), 922160 bytes in use
[5221] 30 Jul 20:28:21 - 0 clients connected (0 slaves), 922160 bytes in use
[5221] 30 Jul 20:28:26 - 0 clients connected (0 slaves), 922160 bytes in use
[5221] 30 Jul 20:28:31 - 0 clients connected (0 slaves), 922160 bytes in use
[5221] 30 Jul 20:28:36 - 0 clients connected (0 slaves), 922160 bytes in use
[5221] 30 Jul 20:28:41 - 0 clients connected (0 slaves), 922160 bytes in use
[5221] 30 Jul 20:28:46 - 0 clients connected (0 slaves), 922160 bytes in use
[5221] 30 Jul 20:28:51 - 0 clients connected (0 slaves), 922160 bytes in use
[5221] 30 Jul 20:28:56 - 0 clients connected (0 slaves), 922160 bytes in use
[5221] 30 Jul 20:29:01 - 0 clients connected (0 slaves), 922160 bytes in use
[5221] 30 Jul 20:29:06 - 0 clients connected (0 slaves), 922160 bytes in use
[5221] 30 Jul 20:29:11 - 0 clients connected (0 slaves), 922160 bytes in use
[5221] 30 Jul 20:29:16 - 0 clients connected (0 slaves), 922160 bytes in use
[5221] 30 Jul 20:29:22 - 0 clients connected (0 slaves), 922160 bytes in use
[5221] 30 Jul 20:29:27 - 0 clients connected (0 slaves), 922160 bytes in use
[5221] 30 Jul 20:29:32 - 0 clients connected (0 slaves), 922160 bytes in use
[5221] 30 Jul 20:29:37 - 0 clients connected (0 slaves), 922160 bytes in use
[5221] 30 Jul 20:29:42 - 0 clients connected (0 slaves), 922160 bytes in use
[5221] 30 Jul 20:29:43 - Accepted 127.0.0.1:51951
[5221] 30 Jul 20:29:43 - Client closed connection
[5221] 30 Jul 20:29:47 - 0 clients connected (0 slaves), 922160 bytes in use
[5221] 30 Jul 20:29:52 - 0 clients connected (0 slaves), 922160 bytes in use
[5221] 30 Jul 20:29:56 - Accepted 127.0.0.1:51959
[5221] 30 Jul 20:29:56 - Client closed connection
[5221] 30 Jul 20:29:57 - 0 clients connected (0 slaves), 922160 bytes in use
[5221] 30 Jul 20:30:02 - 0 clients connected (0 slaves), 922160 bytes in use
[5221] 30 Jul 20:30:07 - 0 clients connected (0 slaves), 922160 bytes in use
[5221] 30 Jul 20:30:12 - 0 clients connected (0 slaves), 922160 bytes in use
[5221] 30 Jul 20:30:17 - 0 clients connected (0 slaves), 922160 bytes in use
[5221] 30 Jul 20:30:22 - 0 clients connected (0 slaves), 922160 bytes in use
[5221] 30 Jul 20:30:27 - 0 clients connected (0 slaves), 922160 bytes in use
[5221] 30 Jul 20:30:32 - 0 clients connected (0 slaves), 922160 bytes in use
[5221] 30 Jul 20:30:37 - 0 clients connected (0 slaves), 922160 bytes in use
[5221] 30 Jul 20:30:42 - 0 clients connected (0 slaves), 922160 bytes in use
[5221] 30 Jul 20:30:47 - 0 clients connected (0 slaves), 922160 bytes in use
[5221] 30 Jul 20:30:52 - 0 clients connected (0 slaves), 922160 bytes in use
[5221] 30 Jul 20:30:57 - 0 clients connected (0 slaves), 922160 bytes in use
[5221] 30 Jul 20:31:02 - 0 clients connected (0 slaves), 922160 bytes in use
[5221] 30 Jul 20:31:08 - 0 clients connected (0 slaves), 922160 bytes in use
[5221] 30 Jul 20:31:13 - 0 clients connected (0 slaves), 922160 bytes in use
[5221] 30 Jul 20:31:18 - 0 clients connected (0 slaves), 922160 bytes in use
[5221] 30 Jul 20:31:23 - 0 clients connected (0 slaves), 922160 bytes in use
[5221] 30 Jul 20:31:28 - 0 clients connected (0 slaves), 922160 bytes in use
[5221] 30 Jul 20:31:33 - 0 clients connected (0 slaves), 922160 bytes in use
[5221] 30 Jul 20:31:38 - 0 clients connected (0 slaves), 922160 bytes in use
[5221] 30 Jul 20:31:43 - 0 clients connected (0 slaves), 922160 bytes in use
[5221] 30 Jul 20:31:48 - 0 clients connected (0 slaves), 922160 bytes in use
[5221] 30 Jul 20:31:53 - 0 clients connected (0 slaves), 922160 bytes in use
[5221] 30 Jul 20:31:58 - 0 clients connected (0 slaves), 922160 bytes in use
[5221] 30 Jul 20:32:03 - 0 clients connected (0 slaves), 922160 bytes in use
[5221] 30 Jul 20:32:08 - 0 clients connected (0 slaves), 922160 bytes in use
[5221] 30 Jul 20:32:13 - 0 clients connected (0 slaves), 922160 bytes in use
[5221] 30 Jul 20:32:18 - 0 clients connected (0 slaves), 922160 bytes in use
[5221] 30 Jul 20:32:23 - 0 clients connected (0 slaves), 922160 bytes in use
[5221] 30 Jul 20:32:28 - 0 clients connected (0 slaves), 922160 bytes in use
[5221] 30 Jul 20:32:33 - 0 clients connected (0 slaves), 922160 bytes in use
[5221] 30 Jul 20:32:38 - 0 clients connected (0 slaves), 922160 bytes in use
[5221] 30 Jul 20:32:43 - 0 clients connected (0 slaves), 922160 bytes in use
[5221] 30 Jul 20:32:48 - 0 clients connected (0 slaves), 922160 bytes in use
[5221] 30 Jul 20:32:53 - 0 clients connected (0 slaves), 922160 bytes in use
[5221] 30 Jul 20:32:59 - 0 clients connected (0 slaves), 922160 bytes in use
[5221] 30 Jul 20:33:04 - 0 clients connected (0 slaves), 922160 bytes in use
[5221] 30 Jul 20:33:09 - 0 clients connected (0 slaves), 922160 bytes in use
[5221] 30 Jul 20:33:14 - 0 clients connected (0 slaves), 922160 bytes in use
[5221] 30 Jul 20:33:19 - 0 clients connected (0 slaves), 922160 bytes in use
